<?xml version="1.0" encoding="UTF-8"?>
<!-- Generated by org.testng.reporters.JUnitReportReporter -->
<testsuite skipped="0" hostname="BNGECO-L-98308" name="tests.TC_Customer" tests="1" failures="0" timestamp="04 May 2021 09:03:26 GMT" time="36.061" errors="0">
  <testcase name="CreateCustomer" time="36.061" classname="tests.TC_Customer"/>
</testsuite> <!-- tests.TC_Customer -->
