<?xml version="1.0" encoding="UTF-8"?>
<!-- Generated by org.testng.reporters.JUnitReportReporter -->
<testsuite skipped="0" hostname="DESKTOP-H8FJJPQ" name="Testing" tests="2" failures="0" timestamp="15 Apr 2021 11:13:50 GMT" time="11.104" errors="0">
  <testcase name="test1" time="8.227" classname="Testing"/>
  <testcase name="test" time="2.877" classname="Testing"/>
</testsuite> <!-- Testing -->
