<?xml version="1.0" encoding="UTF-8"?>
<!-- Generated by org.testng.reporters.JUnitReportReporter -->
<testsuite skipped="0" hostname="BNGECO-L-98308" name="tests.TC_Customer2" tests="1" failures="0" timestamp="04 May 2021 07:24:10 GMT" time="21.670" errors="0">
  <testcase name="CreateCustomer" time="21.670" classname="tests.TC_Customer2"/>
</testsuite> <!-- tests.TC_Customer2 -->
